<?xml version="1.0" encoding="UTF-8"?>
<testsuite name="InjectedTest" time="0.508" tests="8" errors="0" skipped="0" failures="0">
  <properties>
[...]
</properties>
  <testcase name="waptpro\WaptPro\config.jelly" classname="org.jvnet.hudson.test.JellyTestSuiteBuilder$JellyCheck" time="0.346"/>
  <testcase name="waptpro\WaptProTarget\WaptBuildAction\sidepanel.jelly" classname="org.jvnet.hudson.test.JellyTestSuiteBuilder$JellyCheck" time="0.006"/>
  <testcase name="index.jelly" classname="org.jvnet.hudson.test.JellyTestSuiteBuilder$JellyCheck" time="0.006"/>
  <testcase name="waptpro\WaptProTarget\WaptAction\sidepanel.jelly" classname="org.jvnet.hudson.test.JellyTestSuiteBuilder$JellyCheck" time="0.006"/>
  <testcase name="waptpro\WaptProStep\config.jelly" classname="org.jvnet.hudson.test.JellyTestSuiteBuilder$JellyCheck" time="0.118"/>
  <testcase name="testCliSanity" classname="org.jvnet.hudson.test.PluginAutomaticTestBuilder$OtherTests" time="0.025"/>
  <testcase name="testPluginActive" classname="org.jvnet.hudson.test.PluginAutomaticTestBuilder$OtherTests" time="0.001"/>
  <testcase name="org.jvnet.hudson.test.JellyTestSuiteBuilder$JellyTestSuite" classname="org.jvnet.hudson.test.junit.FailedTest" time="0"/>
</testsuite>